<?xml version="1.0" encoding="UTF-8"?>
<!-- Generated by org.testng.reporters.JUnitXMLReporter -->
<testsuite ignored="2" hostname="PW072290" failures="0" tests="3" name="Surefire test" time="5.775" errors="0" timestamp="27 Mar 2024 10:36:28 GMT">
  <testcase classname="MealPlanTest" name="AddItemToMealPlan" time="3.698"/>
  <testcase classname="MealPlanTest" name="DeleteitemToMealplanTest" time="0.71"/>
  <testcase classname="MealPlanTest" name="MealPlanGenerateTest" time="1.241"/>
  <testcase classname="BaseTest" name="@AfterSuite TearDownSuite" time="0.0">
    <ignored/>
  </testcase> <!-- @AfterSuite TearDownSuite -->
  <testcase classname="BaseTest" name="@BeforeSuite SetUpSuite" time="0.0">
    <ignored/>
  </testcase> <!-- @BeforeSuite SetUpSuite -->
</testsuite> <!-- Surefire test -->
