<?xml version="1.0" encoding="UTF-8"?>
<testng-results ignored="2" total="5" passed="3" failed="0" skipped="0">
  <reporter-output>
  </reporter-output>
  <suite started-at="2024-03-27T10:36:22Z" name="Surefire suite" finished-at="2024-03-27T10:36:28Z" duration-ms="5775">
    <groups>
    </groups>
    <test started-at="2024-03-27T10:36:22Z" name="Surefire test" finished-at="2024-03-27T10:36:28Z" duration-ms="5775">
      <class name="MealPlanTest">
        <test-method signature="AddItemToMealPlan()[pri:0, instance:MealPlanTest@41330d4f]" started-at="2024-03-27T17:36:22Z" name="AddItemToMealPlan" description="Add item to mealplan" finished-at="2024-03-27T17:36:26Z" duration-ms="3698" status="PASS">
          <reporter-output>
          </reporter-output>
        </test-method> <!-- AddItemToMealPlan -->
        <test-method signature="DeleteitemToMealplanTest()[pri:0, instance:MealPlanTest@41330d4f]" started-at="2024-03-27T17:36:26Z" name="DeleteitemToMealplanTest" description="delete item to mealplan" finished-at="2024-03-27T17:36:27Z" duration-ms="710" status="PASS">
          <reporter-output>
          </reporter-output>
        </test-method> <!-- DeleteitemToMealplanTest -->
        <test-method signature="MealPlanGenerateTest()[pri:0, instance:MealPlanTest@41330d4f]" started-at="2024-03-27T17:36:27Z" name="MealPlanGenerateTest" description="Generate MealPlan" finished-at="2024-03-27T17:36:28Z" duration-ms="1241" status="PASS">
          <reporter-output>
          </reporter-output>
        </test-method> <!-- MealPlanGenerateTest -->
      </class> <!-- MealPlanTest -->
      <class name="BaseTest">
        <test-method is-config="true" signature="SetUpSuite()[pri:0, instance:BaseTest@38145825]" started-at="2024-03-27T17:36:22Z" name="SetUpSuite" description="Configure URI" finished-at="2024-03-27T17:36:22Z" duration-ms="422" status="PASS">
          <reporter-output>
          </reporter-output>
        </test-method> <!-- SetUpSuite -->
        <test-method is-config="true" signature="TearDownSuite()[pri:0, instance:BaseTest@38145825]" started-at="2024-03-27T17:36:28Z" name="TearDownSuite" finished-at="2024-03-27T17:36:28Z" duration-ms="3" status="PASS">
          <reporter-output>
          </reporter-output>
        </test-method> <!-- TearDownSuite -->
      </class> <!-- BaseTest -->
    </test> <!-- Surefire test -->
  </suite> <!-- Surefire suite -->
</testng-results>
